[debug] [2021-05-18T19:32:40.870Z] ----------------------------------------------------------------------
[debug] [2021-05-18T19:32:40.873Z] Command:       C:\Program Files\nodejs\node.exe C:\Users\Mustafa Bolat\AppData\Roaming\npm\node_modules\firebase-tools\lib\bin\firebase.js init
[debug] [2021-05-18T19:32:40.873Z] CLI Version:   9.11.0
[debug] [2021-05-18T19:32:40.873Z] Platform:      win32
[debug] [2021-05-18T19:32:40.873Z] Node Version:  v12.16.1
[debug] [2021-05-18T19:32:40.874Z] Time:          Tue May 18 2021 21:32:40 GMT+0200 (Central European Summer Time)
[debug] [2021-05-18T19:32:40.875Z] ----------------------------------------------------------------------
[debug] 
[debug] [2021-05-18T19:32:40.886Z] > command requires scopes: ["email","openid","https://www.googleapis.com/auth/cloudplatformprojects.readonly","https://www.googleapis.com/auth/firebase","https://www.googleapis.com/auth/cloud-platform"]
[debug] [2021-05-18T19:32:40.886Z] > authorizing via signed-in user (mustimmb566@gmail.com)
[info] 
     ######## #### ########  ######## ########     ###     ######  ########
     ##        ##  ##     ## ##       ##     ##  ##   ##  ##       ##
     ######    ##  ########  ######   ########  #########  ######  ######
     ##        ##  ##    ##  ##       ##     ## ##     ##       ## ##
     ##       #### ##     ## ######## ########  ##     ##  ######  ########

You're about to initialize a Firebase project in this directory:

  C:\xampp\htdocs\GitHub\JuwelierPreety

Before we get started, keep in mind:

  * You are currently outside your home directory

